\BOOKMARK [0][-]{chapter*.2}{List of Figures}{}% 1
\BOOKMARK [0][-]{chapter*.3}{List of Tables}{}% 2
\BOOKMARK [0][-]{chapter.1}{Introduction}{}% 3
\BOOKMARK [1][-]{section.1.1}{Motivation}{chapter.1}% 4
\BOOKMARK [1][-]{section.1.2}{Objective}{chapter.1}% 5
\BOOKMARK [1][-]{section.1.3}{Outline}{chapter.1}% 6
\BOOKMARK [0][-]{chapter.2}{Literature Review}{}% 7
\BOOKMARK [1][-]{section.2.1}{Definitions of Start-Ups }{chapter.2}% 8
\BOOKMARK [1][-]{section.2.2}{Definitions of Spin-Offs}{chapter.2}% 9
\BOOKMARK [1][-]{section.2.3}{Previous Research on Start-Ups}{chapter.2}% 10
\BOOKMARK [1][-]{section.2.4}{Previous Research on Spin-Offs}{chapter.2}% 11
\BOOKMARK [1][-]{section.2.5}{Previous Research on Comparison of Spin-Offs with Start-Ups}{chapter.2}% 12
\BOOKMARK [1][-]{section.2.6}{Standardization }{chapter.2}% 13
\BOOKMARK [2][-]{subsection.2.6.1}{Internet Engineering Task Force}{section.2.6}% 14
\BOOKMARK [2][-]{subsection.2.6.2}{International Telecommunication Union}{section.2.6}% 15
\BOOKMARK [2][-]{subsection.2.6.3}{3GPP}{section.2.6}% 16
\BOOKMARK [2][-]{subsection.2.6.4}{Open Mobile Alliance}{section.2.6}% 17
\BOOKMARK [1][-]{section.2.7}{Concurrent Approaches }{chapter.2}% 18
\BOOKMARK [0][-]{chapter.3}{Requirements}{}% 19
\BOOKMARK [1][-]{section.3.1}{Overview}{chapter.3}% 20
\BOOKMARK [1][-]{section.3.2}{Technical Requirements}{chapter.3}% 21
\BOOKMARK [2][-]{subsection.3.2.1}{Sub-component A}{section.3.2}% 22
\BOOKMARK [2][-]{subsection.3.2.2}{Sub-component B}{section.3.2}% 23
\BOOKMARK [1][-]{section.3.3}{Social Requirements}{chapter.3}% 24
\BOOKMARK [0][-]{chapter.4}{Concept}{}% 25
\BOOKMARK [1][-]{section.4.1}{Sub-component A}{chapter.4}% 26
\BOOKMARK [1][-]{section.4.2}{Sub-component B}{chapter.4}% 27
\BOOKMARK [1][-]{section.4.3}{Proposed API}{chapter.4}% 28
\BOOKMARK [1][-]{section.4.4}{Layer X}{chapter.4}% 29
\BOOKMARK [1][-]{section.4.5}{Interworking of X and Y}{chapter.4}% 30
\BOOKMARK [1][-]{section.4.6}{Interface Specification}{chapter.4}% 31
\BOOKMARK [0][-]{chapter.5}{Implementation}{}% 32
\BOOKMARK [1][-]{section.5.1}{Environment}{chapter.5}% 33
\BOOKMARK [1][-]{section.5.2}{Project Structure}{chapter.5}% 34
\BOOKMARK [1][-]{section.5.3}{Important Implementation Aspects}{chapter.5}% 35
\BOOKMARK [1][-]{section.5.4}{Graphical User Interface}{chapter.5}% 36
\BOOKMARK [1][-]{section.5.5}{Documentation}{chapter.5}% 37
\BOOKMARK [0][-]{chapter.6}{Evaluation}{}% 38
\BOOKMARK [1][-]{section.6.1}{Test Environment}{chapter.6}% 39
\BOOKMARK [1][-]{section.6.2}{Scalability}{chapter.6}% 40
\BOOKMARK [1][-]{section.6.3}{Usability}{chapter.6}% 41
\BOOKMARK [1][-]{section.6.4}{Performance Measurements}{chapter.6}% 42
\BOOKMARK [0][-]{chapter*.8}{List of Acronyms}{}% 43
\BOOKMARK [0][-]{chapter*.9}{Bibliography}{}% 44
\BOOKMARK [0][-]{chapter*.10}{Annex}{}% 45
