\BOOKMARK [0][-]{chapter*.2}{List\040of\040Figures}{}% 1
\BOOKMARK [0][-]{chapter*.3}{List\040of\040Tables}{}% 2
\BOOKMARK [0][-]{chapter.1}{Introduction}{}% 3
\BOOKMARK [1][-]{section.1.1}{Motivation}{chapter.1}% 4
\BOOKMARK [1][-]{section.1.2}{Objective}{chapter.1}% 5
\BOOKMARK [1][-]{section.1.3}{Outline}{chapter.1}% 6
\BOOKMARK [0][-]{chapter.2}{Literature\040Review}{}% 7
\BOOKMARK [1][-]{section.2.1}{Definitions\040of\040Start-Ups\040}{chapter.2}% 8
\BOOKMARK [1][-]{section.2.2}{Definitions\040of\040Spin-Offs}{chapter.2}% 9
\BOOKMARK [1][-]{section.2.3}{Previous\040Research\040on\040Start-Ups}{chapter.2}% 10
\BOOKMARK [1][-]{section.2.4}{Previous\040Research\040on\040Spin-Offs}{chapter.2}% 11
\BOOKMARK [1][-]{section.2.5}{Previous\040Research\040on\040Comparison\040of\040Spin-Offs\040with\040Start-Ups}{chapter.2}% 12
\BOOKMARK [0][-]{chapter.3}{Theoretical\040Framework}{}% 13
\BOOKMARK [1][-]{section.3.1}{Resource-Based\040Theory}{chapter.3}% 14
\BOOKMARK [1][-]{section.3.2}{Human\040Capital\040Theory}{chapter.3}% 15
\BOOKMARK [1][-]{section.3.3}{Social\040Capital\040Theory}{chapter.3}% 16
\BOOKMARK [1][-]{section.3.4}{Motivational\040Theory}{chapter.3}% 17
\BOOKMARK [0][-]{chapter.4}{Methodology}{}% 18
\BOOKMARK [1][-]{section.4.1}{Data\040Collection}{chapter.4}% 19
\BOOKMARK [1][-]{section.4.2}{Characteristics\040of\040Respondents\040of\040Questionnaire}{chapter.4}% 20
\BOOKMARK [1][-]{section.4.3}{Data\040For\040Hypothesis\0401}{chapter.4}% 21
\BOOKMARK [1][-]{section.4.4}{Data\040For\040Hypothesis\0402}{chapter.4}% 22
\BOOKMARK [1][-]{section.4.5}{Data\040For\040Hypothesis\0403}{chapter.4}% 23
\BOOKMARK [1][-]{section.4.6}{Data\040For\040Hypothesis\0404}{chapter.4}% 24
\BOOKMARK [0][-]{chapter.5}{Analysis\040and\040Results}{}% 25
\BOOKMARK [1][-]{section.5.1}{Analysis\040and\040Findings\040For\040Hypothesis\0401}{chapter.5}% 26
\BOOKMARK [1][-]{section.5.2}{Analysis\040and\040Findings\040For\040Hypothesis\0402}{chapter.5}% 27
\BOOKMARK [1][-]{section.5.3}{Analysis\040and\040Findings\040For\040Hypothesis\0403}{chapter.5}% 28
\BOOKMARK [1][-]{section.5.4}{Analysis\040and\040Findings\040For\040Hypothesis\0404}{chapter.5}% 29
\BOOKMARK [0][-]{chapter.6}{Conclusion}{}% 30
\BOOKMARK [1][-]{section.6.1}{Potential\040Benefits}{chapter.6}% 31
\BOOKMARK [1][-]{section.6.2}{Future\040Work}{chapter.6}% 32
\BOOKMARK [0][-]{chapter*.17}{Bibliography}{}% 33
\BOOKMARK [0][-]{chapter*.18}{Appendix\040A}{}% 34
