This is pdfTeX, Version 3.14159265-2.6-1.40.16 (TeX Live 2015/Debian) (preloaded format=pdflatex 2017.8.5)  12 AUG 2017 14:31
entering extended mode
 restricted \write18 enabled.
 %&-line parsing enabled.
**DiplomarbeitLaTex.tex
(./DiplomarbeitLaTex.tex
LaTeX2e <2016/02/01>
Babel <3.9q> and hyphenation patterns for 81 language(s) loaded.
(/usr/share/texlive/texmf-dist/tex/latex/koma-script/scrbook.cls
Document Class: scrbook 2015/10/03 v3.19a KOMA-Script document class (book)
(/usr/share/texlive/texmf-dist/tex/latex/koma-script/scrkbase.sty
Package: scrkbase 2015/10/03 v3.19a KOMA-Script package (KOMA-Script-dependent 
basics and keyval usage)

(/usr/share/texlive/texmf-dist/tex/latex/koma-script/scrbase.sty
Package: scrbase 2015/10/03 v3.19a KOMA-Script package (KOMA-Script-independent
 basics and keyval usage)

(/usr/share/texlive/texmf-dist/tex/latex/graphics/keyval.sty
Package: keyval 2014/10/28 v1.15 key=value parser (DPC)
\KV@toks@=\toks14
)
(/usr/share/texlive/texmf-dist/tex/latex/koma-script/scrlfile.sty
Package: scrlfile 2015/10/03 v3.19a KOMA-Script package (loading files)

Package scrlfile, 2015/10/03 v3.19a KOMA-Script package (loading files)
                  Copyright (C) Markus Kohm

))) (/usr/share/texlive/texmf-dist/tex/latex/koma-script/tocbasic.sty
Package: tocbasic 2015/10/03 v3.19a KOMA-Script package (handling toc-files)
)
Package tocbasic Info: omitting babel extension for `toc'
(tocbasic)             because of feature `nobabel' available
(tocbasic)             for `toc' on input line 125.
Package tocbasic Info: omitting babel extension for `lof'
(tocbasic)             because of feature `nobabel' available
(tocbasic)             for `lof' on input line 126.
Package tocbasic Info: omitting babel extension for `lot'
(tocbasic)             because of feature `nobabel' available
(tocbasic)             for `lot' on input line 127.
Package tocbasic Info: defining new hook before heading of `' on input line 158
4.


Class scrbook Warning: You've used obsolete option `bibtotoc'.
(scrbook)              Usage of this option indicates an old document
(scrbook)              and changes compatibility level using
(scrbook)              `bibliography=totoc,version=first'.
(scrbook)              If you don't want this, you should simply
(scrbook)              replace option `bibtotoc' by `bibliography=totoc'.

Class scrbook Info: Switching compatibility level to `first'.

Class scrbook Warning: You've used obsolete option `liststotoc'.
(scrbook)              Usage of this option indicates an old document
(scrbook)              and changes compatibility level using
(scrbook)              `listof=totoc,version=first'.
(scrbook)              If you don't want this, you should simply
(scrbook)              replace option `liststotoc' by `listof=totoc'.

Class scrbook Info: Switching compatibility level to `first'.
Class scrbook Info: File `scrsize11pt.clo' used instead of
(scrbook)           file `scrsize11.clo' to setup font sizes on input line 2251
.
(/usr/share/texlive/texmf-dist/tex/latex/koma-script/scrsize11pt.clo
File: scrsize11pt.clo 2015/10/03 v3.19a KOMA-Script font size class option (11p
t)
)
(/usr/share/texlive/texmf-dist/tex/latex/koma-script/typearea.sty
Package: typearea 2015/10/03 v3.19a KOMA-Script package (type area)

Package typearea, 2015/10/03 v3.19a KOMA-Script package (type area)
                  Copyright (C) Frank Neukam, 1992-1994
                  Copyright (C) Markus Kohm, 1994-

\ta@bcor=\skip41
\ta@div=\count79
\ta@hblk=\skip42
\ta@vblk=\skip43
\ta@temp=\skip44
\footheight=\skip45
Package typearea Info: These are the values describing the layout:
(typearea)             DIV  = 12
(typearea)             BCOR = 14.22636pt
(typearea)             \paperwidth      = 597.50793pt
(typearea)              \textwidth      = 437.46118pt
(typearea)              DIV departure   = -11%
(typearea)              \evensidemargin = 24.9436pt
(typearea)              \oddsidemargin  = -9.43683pt
(typearea)             \paperheight     = 845.04694pt
(typearea)              \textheight     = 636.60028pt
(typearea)              \topmargin      = -39.24942pt
(typearea)              \headheight     = 17.0pt
(typearea)              \headsep        = 20.40001pt
(typearea)              \topskip        = 11.0pt
(typearea)              \footskip       = 47.6pt
(typearea)              \baselineskip   = 13.6pt
(typearea)              on input line 1509.
)
\c@part=\count80
\c@chapter=\count81
\c@section=\count82
\c@subsection=\count83
\c@subsubsection=\count84
\c@paragraph=\count85
\c@subparagraph=\count86
LaTeX Info: Redefining \textsubscript on input line 4654.
\abovecaptionskip=\skip46
\belowcaptionskip=\skip47
\c@pti@nb@sid@b@x=\box26
\c@figure=\count87
\c@table=\count88
\bibindent=\dimen102
) (/usr/share/texlive/texmf-dist/tex/latex/geometry/geometry.sty
Package: geometry 2010/09/12 v5.6 Page Geometry

(/usr/share/texlive/texmf-dist/tex/generic/oberdiek/ifpdf.sty
Package: ifpdf 2011/01/30 v2.3 Provides the ifpdf switch (HO)
Package ifpdf Info: pdfTeX in PDF mode is detected.
)
(/usr/share/texlive/texmf-dist/tex/generic/oberdiek/ifvtex.sty
Package: ifvtex 2010/03/01 v1.5 Detect VTeX and its facilities (HO)
Package ifvtex Info: VTeX not detected.
)
(/usr/share/texlive/texmf-dist/tex/generic/ifxetex/ifxetex.sty
Package: ifxetex 2010/09/12 v0.6 Provides ifxetex conditional
)
\Gm@cnth=\count89
\Gm@cntv=\count90
\c@Gm@tempcnt=\count91
\Gm@bindingoffset=\dimen103
\Gm@wd@mp=\dimen104
\Gm@odd@mp=\dimen105
\Gm@even@mp=\dimen106
\Gm@layoutwidth=\dimen107
\Gm@layoutheight=\dimen108
\Gm@layouthoffset=\dimen109
\Gm@layoutvoffset=\dimen110
\Gm@dimlist=\toks15
)
(/usr/share/texlive/texmf-dist/tex/latex/tools/verbatim.sty
Package: verbatim 2014/10/28 v1.5q LaTeX2e package for verbatim enhancements
\every@verbatim=\toks16
\verbatim@line=\toks17
\verbatim@in@stream=\read1
)
(/usr/share/texlive/texmf-dist/tex/generic/babel/babel.sty
Package: babel 2016/02/24 3.9q The Babel package

(/usr/share/texlive/texmf-dist/tex/generic/babel-german/ngerman.ldf
Language: ngerman 2013/12/13 v2.7 German support for babel (new orthography)

(/usr/share/texlive/texmf-dist/tex/generic/babel-german/ngermanb.ldf
Language: ngermanb 2013/12/13 v2.7 German support for babel (new orthography)

(/usr/share/texlive/texmf-dist/tex/generic/babel/babel.def
File: babel.def 2016/02/24 3.9q Babel common definitions
\babel@savecnt=\count92
\U@D=\dimen111
)
\l@naustrian = a dialect from \language\l@ngerman 
\l@nswissgerman = a dialect from \language\l@ngerman 
Package babel Info: Making " an active character on input line 88.
))
(/usr/share/texlive/texmf-dist/tex/generic/babel-english/english.ldf
Language: english 2012/08/20 v3.3p English support from the babel system
\l@canadian = a dialect from \language\l@american 
\l@australian = a dialect from \language\l@british 
\l@newzealand = a dialect from \language\l@british 
))
(/usr/share/texlive/texmf-dist/tex/latex/germbib/bibgerm.sty
Package: bibgerm 2000/08/18 v0.1 Support for mixed language bibliographies

** Macros for german `BibTeX'ing added to Style Option `german' 20 Apr 1993 **
** idea and languages `german' and `USenglish' implemented by M. Wallmeier **
** Modified for LaTeX 2e and german.sty 2.5b by A. Scherer 1 Nov 1995 **
** Modified for ngerman.sty and babel.sty by H. Harders 21 August 2000 **)
(/usr/share/texlive/texmf-dist/tex/latex/graphics/graphicx.sty
Package: graphicx 2014/10/28 v1.0g Enhanced LaTeX Graphics (DPC,SPQR)

(/usr/share/texlive/texmf-dist/tex/latex/graphics/graphics.sty
Package: graphics 2016/01/03 v1.0q Standard LaTeX Graphics (DPC,SPQR)

(/usr/share/texlive/texmf-dist/tex/latex/graphics/trig.sty
Package: trig 2016/01/03 v1.10 sin cos tan (DPC)
)
(/usr/share/texlive/texmf-dist/tex/latex/latexconfig/graphics.cfg
File: graphics.cfg 2010/04/23 v1.9 graphics configuration of TeX Live
)
Package graphics Info: Driver file: pdftex.def on input line 95.

(/usr/share/texlive/texmf-dist/tex/latex/pdftex-def/pdftex.def
File: pdftex.def 2011/05/27 v0.06d Graphics/color for pdfTeX

(/usr/share/texlive/texmf-dist/tex/generic/oberdiek/infwarerr.sty
Package: infwarerr 2010/04/08 v1.3 Providing info/warning/error messages (HO)
)
(/usr/share/texlive/texmf-dist/tex/generic/oberdiek/ltxcmds.sty
Package: ltxcmds 2011/11/09 v1.22 LaTeX kernel commands for general use (HO)
)
\Gread@gobject=\count93
))
\Gin@req@height=\dimen112
\Gin@req@width=\dimen113
)
(/usr/share/texlive/texmf-dist/tex/latex/url/url.sty
\Urlmuskip=\muskip10
Package: url 2013/09/16  ver 3.4  Verb mode for urls, etc.
)
(/usr/share/texlive/texmf-dist/tex/latex/hyperref/hyperref.sty
Package: hyperref 2012/11/06 v6.83m Hypertext links for LaTeX

(/usr/share/texlive/texmf-dist/tex/generic/oberdiek/hobsub-hyperref.sty
Package: hobsub-hyperref 2012/05/28 v1.13 Bundle oberdiek, subset hyperref (HO)


(/usr/share/texlive/texmf-dist/tex/generic/oberdiek/hobsub-generic.sty
Package: hobsub-generic 2012/05/28 v1.13 Bundle oberdiek, subset generic (HO)
Package: hobsub 2012/05/28 v1.13 Construct package bundles (HO)
Package hobsub Info: Skipping package `infwarerr' (already loaded).
Package hobsub Info: Skipping package `ltxcmds' (already loaded).
Package: ifluatex 2010/03/01 v1.3 Provides the ifluatex switch (HO)
Package ifluatex Info: LuaTeX not detected.
Package hobsub Info: Skipping package `ifvtex' (already loaded).
Package: intcalc 2007/09/27 v1.1 Expandable calculations with integers (HO)
Package hobsub Info: Skipping package `ifpdf' (already loaded).
Package: etexcmds 2011/02/16 v1.5 Avoid name clashes with e-TeX commands (HO)
Package etexcmds Info: Could not find \expanded.
(etexcmds)             That can mean that you are not using pdfTeX 1.50 or
(etexcmds)             that some package has redefined \expanded.
(etexcmds)             In the latter case, load this package earlier.
Package: kvsetkeys 2012/04/25 v1.16 Key value parser (HO)
Package: kvdefinekeys 2011/04/07 v1.3 Define keys (HO)
Package: pdftexcmds 2011/11/29 v0.20 Utility functions of pdfTeX for LuaTeX (HO
)
Package pdftexcmds Info: LuaTeX not detected.
Package pdftexcmds Info: \pdf@primitive is available.
Package pdftexcmds Info: \pdf@ifprimitive is available.
Package pdftexcmds Info: \pdfdraftmode found.
Package: pdfescape 2011/11/25 v1.13 Implements pdfTeX's escape features (HO)
Package: bigintcalc 2012/04/08 v1.3 Expandable calculations on big integers (HO
)
Package: bitset 2011/01/30 v1.1 Handle bit-vector datatype (HO)
Package: uniquecounter 2011/01/30 v1.2 Provide unlimited unique counter (HO)
)
Package hobsub Info: Skipping package `hobsub' (already loaded).
Package: letltxmacro 2010/09/02 v1.4 Let assignment for LaTeX macros (HO)
Package: hopatch 2012/05/28 v1.2 Wrapper for package hooks (HO)
Package: xcolor-patch 2011/01/30 xcolor patch
Package: atveryend 2011/06/30 v1.8 Hooks at the very end of document (HO)
Package atveryend Info: \enddocument detected (standard20110627).
Package: atbegshi 2011/10/05 v1.16 At begin shipout hook (HO)
Package: refcount 2011/10/16 v3.4 Data extraction from label references (HO)
Package: hycolor 2011/01/30 v1.7 Color options for hyperref/bookmark (HO)
)
(/usr/share/texlive/texmf-dist/tex/latex/oberdiek/auxhook.sty
Package: auxhook 2011/03/04 v1.3 Hooks for auxiliary files (HO)
)
(/usr/share/texlive/texmf-dist/tex/latex/oberdiek/kvoptions.sty
Package: kvoptions 2011/06/30 v3.11 Key value format for package options (HO)
)
\@linkdim=\dimen114
\Hy@linkcounter=\count94
\Hy@pagecounter=\count95

(/usr/share/texlive/texmf-dist/tex/latex/hyperref/pd1enc.def
File: pd1enc.def 2012/11/06 v6.83m Hyperref: PDFDocEncoding definition (HO)
)
\Hy@SavedSpaceFactor=\count96

(/usr/share/texlive/texmf-dist/tex/latex/latexconfig/hyperref.cfg
File: hyperref.cfg 2002/06/06 v1.2 hyperref configuration of TeXLive
)
Package hyperref Info: Hyper figures OFF on input line 4443.
Package hyperref Info: Link nesting OFF on input line 4448.
Package hyperref Info: Hyper index ON on input line 4451.
Package hyperref Info: Plain pages OFF on input line 4458.
Package hyperref Info: Backreferencing OFF on input line 4463.
Package hyperref Info: Implicit mode ON; LaTeX internals redefined.
Package hyperref Info: Bookmarks ON on input line 4688.
\c@Hy@tempcnt=\count97
LaTeX Info: Redefining \url on input line 5041.
\XeTeXLinkMargin=\dimen115
\Fld@menulength=\count98
\Field@Width=\dimen116
\Fld@charsize=\dimen117
Package hyperref Info: Hyper figures OFF on input line 6295.
Package hyperref Info: Link nesting OFF on input line 6300.
Package hyperref Info: Hyper index ON on input line 6303.
Package hyperref Info: backreferencing OFF on input line 6310.
Package hyperref Info: Link coloring OFF on input line 6315.
Package hyperref Info: Link coloring with OCG OFF on input line 6320.
Package hyperref Info: PDF/A mode OFF on input line 6325.
LaTeX Info: Redefining \ref on input line 6365.
LaTeX Info: Redefining \pageref on input line 6369.
\Hy@abspage=\count99
\c@Item=\count100
\c@Hfootnote=\count101
)

Package hyperref Message: Driver (autodetected): hpdftex.

(/usr/share/texlive/texmf-dist/tex/latex/hyperref/hpdftex.def
File: hpdftex.def 2012/11/06 v6.83m Hyperref driver for pdfTeX
\Fld@listcount=\count102
\c@bookmark@seq@number=\count103

(/usr/share/texlive/texmf-dist/tex/latex/oberdiek/rerunfilecheck.sty
Package: rerunfilecheck 2011/04/15 v1.7 Rerun checks for auxiliary files (HO)
Package uniquecounter Info: New unique counter `rerunfilecheck' on input line 2
82.
)
\Hy@SectionHShift=\skip48
)
(/usr/share/texlive/texmf-dist/tex/latex/listings/listings.sty
\lst@mode=\count104
\lst@gtempboxa=\box27
\lst@token=\toks18
\lst@length=\count105
\lst@currlwidth=\dimen118
\lst@column=\count106
\lst@pos=\count107
\lst@lostspace=\dimen119
\lst@width=\dimen120
\lst@newlines=\count108
\lst@lineno=\count109
\lst@maxwidth=\dimen121

(/usr/share/texlive/texmf-dist/tex/latex/listings/lstmisc.sty
File: lstmisc.sty 2015/06/04 1.6 (Carsten Heinz)
\c@lstnumber=\count110
\lst@skipnumbers=\count111
\lst@framebox=\box28
)
(/usr/share/texlive/texmf-dist/tex/latex/listings/listings.cfg
File: listings.cfg 2015/06/04 1.6 listings configuration
))
Package: listings 2015/06/04 1.6 (Carsten Heinz)

(/usr/share/texlive/texmf-dist/tex/latex/graphics/color.sty
Package: color 2016/01/03 v1.1b Standard LaTeX Color (DPC)

(/usr/share/texlive/texmf-dist/tex/latex/latexconfig/color.cfg
File: color.cfg 2007/01/18 v1.5 color configuration of teTeX/TeXLive
)
Package color Info: Driver file: pdftex.def on input line 143.
)
(/usr/share/texlive/texmf-dist/tex/latex/subfig/subfig.sty
Package: subfig 2005/06/28 ver: 1.3 subfig package

(/usr/share/texlive/texmf-dist/tex/latex/caption/caption.sty
Package: caption 2016/02/21 v3.3-144 Customizing captions (AR)

(/usr/share/texlive/texmf-dist/tex/latex/caption/caption3.sty
Package: caption3 2016/02/04 v1.7-139 caption3 kernel (AR)
Package caption3 Info: TeX engine: e-TeX on input line 67.
\captionmargin=\dimen122
\captionmargin@=\dimen123
\captionwidth=\dimen124
\caption@tempdima=\dimen125
\caption@indent=\dimen126
\caption@parindent=\dimen127
\caption@hangindent=\dimen128
)
Package caption Info: KOMA-Script document class.
\c@ContinuedFloat=\count112
Package caption Info: hyperref package is loaded.
Package caption Info: listings package is loaded.
)
\c@KVtest=\count113
\sf@farskip=\skip49
\sf@captopadj=\dimen129
\sf@capskip=\skip50
\sf@nearskip=\skip51
\c@subfigure=\count114
\c@subfigure@save=\count115
\c@lofdepth=\count116
\c@subtable=\count117
\c@subtable@save=\count118
\c@lotdepth=\count119
\sf@top=\skip52
\sf@bottom=\skip53
)
(/usr/share/texlive/texmf-dist/tex/latex/koma-script/scrpage2.sty
Package: scrpage2 2015/10/03 v3.19a KOMA-Script package (page head and foot)
LaTeX Info: Redefining \pagemark on input line 174.
)
(/usr/share/texlive/texmf-dist/tex/latex/tools/array.sty
Package: array 2014/10/28 v2.4c Tabular extension package (FMi)
\col@sep=\dimen130
\extrarowheight=\dimen131
\NC@list=\toks19
\extratabsurround=\skip54
\backup@length=\skip55
)
(/usr/share/texlive/texmf-dist/tex/latex/pdfpages/pdfpages.sty
Package: pdfpages 2015/09/18 v0.5d Insert pages of external PDF documents (AM)

(/usr/share/texlive/texmf-dist/tex/latex/base/ifthen.sty
Package: ifthen 2014/09/29 v1.1c Standard LaTeX ifthen package (DPC)
)
(/usr/share/texlive/texmf-dist/tex/latex/tools/calc.sty
Package: calc 2014/10/28 v4.3 Infix arithmetic (KKT,FJ)
\calc@Acount=\count120
\calc@Bcount=\count121
\calc@Adimen=\dimen132
\calc@Bdimen=\dimen133
\calc@Askip=\skip56
\calc@Bskip=\skip57
LaTeX Info: Redefining \setlength on input line 80.
LaTeX Info: Redefining \addtolength on input line 81.
\calc@Ccount=\count122
\calc@Cskip=\skip58
)
(/usr/share/texlive/texmf-dist/tex/latex/eso-pic/eso-pic.sty
Package: eso-pic 2015/07/21 v2.0g eso-pic (RN)
)
\AM@pagewidth=\dimen134
\AM@pageheight=\dimen135

(/usr/share/texlive/texmf-dist/tex/latex/pdfpages/pppdftex.def
File: pppdftex.def 2015/09/18 v0.5d Pdfpages driver for pdfTeX (AM)
)
\AM@pagebox=\box29
\AM@toc@title=\toks20
\c@AM@survey=\count123
\AM@templatesizebox=\box30
)
(./DiplomarbeitLaTex.aux (./misc/titlepage.aux) (./misc/abstract.aux))
\openout1 = `DiplomarbeitLaTex.aux'.

LaTeX Font Info:    Checking defaults for OML/cmm/m/it on input line 30.
LaTeX Font Info:    ... okay on input line 30.
LaTeX Font Info:    Checking defaults for T1/cmr/m/n on input line 30.
LaTeX Font Info:    ... okay on input line 30.
LaTeX Font Info:    Checking defaults for OT1/cmr/m/n on input line 30.
LaTeX Font Info:    ... okay on input line 30.
LaTeX Font Info:    Checking defaults for OMS/cmsy/m/n on input line 30.
LaTeX Font Info:    ... okay on input line 30.
LaTeX Font Info:    Checking defaults for OMX/cmex/m/n on input line 30.
LaTeX Font Info:    ... okay on input line 30.
LaTeX Font Info:    Checking defaults for U/cmr/m/n on input line 30.
LaTeX Font Info:    ... okay on input line 30.
LaTeX Font Info:    Checking defaults for PD1/pdf/m/n on input line 30.
LaTeX Font Info:    ... okay on input line 30.

*geometry* driver: auto-detecting
*geometry* detected driver: pdftex
*geometry* verbose mode - [ preamble ] result:
* driver: pdftex
* paper: a4paper
* layout: <same size as paper>
* layoutoffset:(h,v)=(0.0pt,0.0pt)
* modes: twoside 
* h-part:(L,W,R)=(71.70166pt, 418.25368pt, 107.55254pt)
* v-part:(T,H,B)=(101.40665pt, 591.5302pt, 152.11pt)
* \paperwidth=597.50787pt
* \paperheight=845.04684pt
* \textwidth=418.25368pt
* \textheight=591.5302pt
* \oddsidemargin=-0.56833pt
* \evensidemargin=35.28255pt
* \topmargin=-8.26335pt
* \headheight=17.0pt
* \headsep=20.40001pt
* \topskip=11.0pt
* \footskip=47.6pt
* \marginparwidth=72.91019pt
* \marginparsep=12.8401pt
* \columnsep=10.0pt
* \skip\footins=10.0pt plus 4.0pt minus 2.0pt
* \hoffset=0.0pt
* \voffset=0.0pt
* \mag=1000
* \@twocolumnfalse
* \@twosidetrue
* \@mparswitchtrue
* \@reversemarginfalse
* (1in=72.27pt=25.4mm, 1cm=28.453pt)


bibgerm.sty: babel.sty detected

(/usr/share/texlive/texmf-dist/tex/context/base/supp-pdf.mkii
[Loading MPS to PDF converter (version 2006.09.02).]
\scratchcounter=\count124
\scratchdimen=\dimen136
\scratchbox=\box31
\nofMPsegments=\count125
\nofMParguments=\count126
\everyMPshowfont=\toks21
\MPscratchCnt=\count127
\MPscratchDim=\dimen137
\MPnumerator=\count128
\makeMPintoPDFobject=\count129
\everyMPtoPDFconversion=\toks22
) (/usr/share/texlive/texmf-dist/tex/latex/oberdiek/epstopdf-base.sty
Package: epstopdf-base 2010/02/09 v2.5 Base part for package epstopdf

(/usr/share/texlive/texmf-dist/tex/latex/oberdiek/grfext.sty
Package: grfext 2010/08/19 v1.1 Manage graphics extensions (HO)
)
Package grfext Info: Graphics extension search list:
(grfext)             [.png,.pdf,.jpg,.mps,.jpeg,.jbig2,.jb2,.PNG,.PDF,.JPG,.JPE
G,.JBIG2,.JB2,.eps]
(grfext)             \AppendGraphicsExtensions on input line 452.

(/usr/share/texlive/texmf-dist/tex/latex/latexconfig/epstopdf-sys.cfg
File: epstopdf-sys.cfg 2010/07/13 v1.3 Configuration of (r)epstopdf for TeX Liv
e
))
\AtBeginShipoutBox=\box32
Package hyperref Info: Link coloring OFF on input line 30.

(/usr/share/texlive/texmf-dist/tex/latex/hyperref/nameref.sty
Package: nameref 2012/10/27 v2.43 Cross-referencing by name of section

(/usr/share/texlive/texmf-dist/tex/generic/oberdiek/gettitlestring.sty
Package: gettitlestring 2010/12/03 v1.4 Cleanup title references (HO)
)
\c@section@level=\count130
)
LaTeX Info: Redefining \ref on input line 30.
LaTeX Info: Redefining \pageref on input line 30.
LaTeX Info: Redefining \nameref on input line 30.

(./DiplomarbeitLaTex.out) (./DiplomarbeitLaTex.out)
\@outlinefile=\write3
\openout3 = `DiplomarbeitLaTex.out'.

\c@lstlisting=\count131
Package caption Info: Begin \AtBeginDocument code.
Package caption Info: subfig package v1.3 is loaded.
Package caption Info: End \AtBeginDocument code.

(/usr/share/texlive/texmf-dist/tex/latex/oberdiek/pdflscape.sty
Package: pdflscape 2008/08/11 v0.10 Display of landscape pages in PDF (HO)

(/usr/share/texlive/texmf-dist/tex/latex/graphics/lscape.sty
Package: lscape 2000/10/22 v3.01 Landscape Pages (DPC)
)
Package pdflscape Info: Auto-detected driver: pdftex on input line 80.
)
\openout2 = `./misc/titlepage.aux'.


(./misc/titlepage.tex
Missing character: There is no ‰ in font cmbx12!
Missing character: There is no ﬂ in font cmr10!
 <./img/tu_logo.jpg, id=140, 21.07875pt x 15.77895pt>
File: ./img/tu_logo.jpg Graphic file (type jpg)

<use ./img/tu_logo.jpg>
Package pdftex.def Info: ./img/tu_logo.jpg used on input line 18.
(pdftex.def)             Requested size: 113.81102pt x 85.19777pt.

Underfull \vbox (badness 10000) has occurred while \output is active []

 [1





{/var/lib/texmf/fonts/map/pdftex/updmap/pdftex.map} <./img/tu_logo.jpg>]) [2


]
\openout2 = `./misc/abstract.aux'.


(./misc/abstract.tex)
Overfull \hbox (5.64983pt too wide) in paragraph at lines 29--37
\OT1/cmr/m/it/10.95 Keywords\OT1/cmr/m/n/10.95 : Startup, Spin-offs, In-no-va-t
ion Ca-pa-bil-i-ties, In-no-va-tion Per-for-mance, Resource-
 []

[3

] [4


] (./DiplomarbeitLaTex.toc
LaTeX Font Info:    External font `cmex10' loaded for size
(Font)              <10.95> on input line 6.
LaTeX Font Info:    External font `cmex10' loaded for size
(Font)              <8> on input line 6.
LaTeX Font Info:    External font `cmex10' loaded for size
(Font)              <6> on input line 6.
 [5

])
\tf@toc=\write4
\openout4 = `DiplomarbeitLaTex.toc'.

 [6] (./DiplomarbeitLaTex.lof)
\tf@lof=\write5
\openout5 = `DiplomarbeitLaTex.lof'.

 [7

]
Missing character: There is no √ in font cmsl10!
Missing character: There is no § in font cmsl10!

[8

] (./DiplomarbeitLaTex.lot)
\tf@lot=\write6
\openout6 = `DiplomarbeitLaTex.lot'.

 [9] [10


] (./chapters/chapter1.tex
chapter 1.

Class scrbook Warning: \float@addtolists detected!
(scrbook)              Implementation of \float@addtolist became
(scrbook)              deprecated in KOMA-Script v3.01 2008/11/14 and
(scrbook)              has been replaced by several more flexible
(scrbook)              features of package `tocbasic`.
(scrbook)              Since Version 3.12 support for deprecated
(scrbook)              \float@addtolist interface has been
(scrbook)              restricted to only some of the KOMA-Script
(scrbook)              features and been removed from others.
(scrbook)              Loading of package `scrhack' may help to
(scrbook)              avoid this warning, if you are using a
(scrbook)              a package that still implements the
(scrbook)              deprecated \float@addtolist interface .

Missing character: There is no ‚ in font cmr10!
Missing character: There is no Ä in font cmr10!
Missing character: There is no ô in font cmr10!
Missing character: There is no ‚ in font cmr10!
Missing character: There is no Ä in font cmr10!
Missing character: There is no ô in font cmr10!

LaTeX Warning: Reference `cha:chapter6' on page 1 undefined on input line 46.

) (./chapters/chapter2.tex
Underfull \hbox (badness 10000) in paragraph at lines 30--1

 []


Underfull \hbox (badness 10000) in paragraph at lines 30--1

 []


Underfull \hbox (badness 10000) in paragraph at lines 30--1

 []


Underfull \hbox (badness 10000) in paragraph at lines 30--1

 []

[1

]
Missing character: There is no √ in font cmsl10!
Missing character: There is no § in font cmsl10!
 [2]
chapter 2.

Underfull \hbox (badness 10000) in paragraph at lines 7--39

 []


Underfull \hbox (badness 10000) in paragraph at lines 7--39

 []


Underfull \hbox (badness 10000) in paragraph at lines 7--39

 []


Underfull \hbox (badness 10000) in paragraph at lines 7--39

 []


Underfull \hbox (badness 10000) in paragraph at lines 7--39

 []


Underfull \hbox (badness 10000) in paragraph at lines 7--39

 []


Underfull \hbox (badness 10000) in paragraph at lines 7--39

 []

[3

]
Underfull \hbox (badness 10000) in paragraph at lines 44--69

 []


Underfull \hbox (badness 10000) in paragraph at lines 44--69

 []


Underfull \hbox (badness 10000) in paragraph at lines 44--69

 []

Missing character: There is no ‚ in font cmr10!
Missing character: There is no Ä in font cmr10!
Missing character: There is no ô in font cmr10!
Missing character: There is no ‚ in font cmr10!
Missing character: There is no Ä in font cmr10!
Missing character: There is no ô in font cmr10!
Missing character: There is no ‚ in font cmr10!
Missing character: There is no Ä in font cmr10!
Missing character: There is no ì in font cmr10!
Missing character: There is no ‚ in font cmr10!
Missing character: There is no Ä in font cmr10!
Missing character: There is no ô in font cmr10!

Underfull \hbox (badness 10000) in paragraph at lines 70--97

 []


Underfull \hbox (badness 10000) in paragraph at lines 70--97

 []

Missing character: There is no √ in font cmsl10!
Missing character: There is no § in font cmsl10!
[4] <./img/fig1.png, id=327, 1099.10625pt x 512.91624pt>
File: ./img/fig1.png Graphic file (type png)
 <use ./img/fig1.png>
Package pdftex.def Info: ./img/fig1.png used on input line 107.
(pdftex.def)             Requested size: 284.52756pt x 132.77591pt.

Underfull \hbox (badness 10000) in paragraph at lines 112--135

 []


Underfull \hbox (badness 10000) in paragraph at lines 112--135

 []

Missing character: There is no √ in font cmsl10!
Missing character: There is no § in font cmsl10!
[5 <./img/fig1.png>] <./img/fig2.png, id=346, 770.88pt x 468.75125pt>
File: ./img/fig2.png Graphic file (type png)

<use ./img/fig2.png>
Package pdftex.def Info: ./img/fig2.png used on input line 147.
(pdftex.def)             Requested size: 227.62204pt x 138.40916pt.
) (./chapters/chapter3.tex
Missing character: There is no √ in font cmsl10!
Missing character: There is no § in font cmsl10!
 [6 <./img/fig2.png>]
chapter 3.
Missing character: There is no ‚ in font cmr10!
Missing character: There is no Ä in font cmr10!
Missing character: There is no ô in font cmr10!

Underfull \hbox (badness 10000) in paragraph at lines 6--49

 []


Underfull \hbox (badness 10000) in paragraph at lines 6--49

 []


Underfull \hbox (badness 10000) in paragraph at lines 6--49

 []


Underfull \hbox (badness 10000) in paragraph at lines 6--49

 []


Underfull \hbox (badness 10000) in paragraph at lines 6--49

 []


Underfull \hbox (badness 10000) in paragraph at lines 6--49

 []

[7

]
Underfull \hbox (badness 10000) in paragraph at lines 51--75

 []


Underfull \hbox (badness 10000) in paragraph at lines 51--75

 []


Underfull \hbox (badness 10000) in paragraph at lines 51--75

 []

Missing character: There is no ‚ in font cmbx10!
Missing character: There is no Ä in font cmbx10!
Missing character: There is no ú in font cmbx10!
Missing character: There is no ‚ in font cmbx10!
Missing character: There is no Ä in font cmbx10!
Missing character: There is no ù in font cmbx10!

Underfull \hbox (badness 10000) in paragraph at lines 79--106

 []


Underfull \hbox (badness 10000) in paragraph at lines 79--106

 []


Underfull \hbox (badness 10000) in paragraph at lines 79--106

 []


Underfull \hbox (badness 10000) in paragraph at lines 79--106

 []

Missing character: There is no √ in font cmsl10!
Missing character: There is no § in font cmsl10!
[8]
Missing character: There is no ‚ in font cmr10!
Missing character: There is no Ä in font cmr10!
Missing character: There is no ô in font cmr10!
 <./img/fig3.png, id=396, 1055.945pt x 746.79pt>
File: ./img/fig3.png Graphic file (type png)
 <use ./img/fig3.png>
Package pdftex.def Info: ./img/fig3.png used on input line 118.
(pdftex.def)             Requested size: 227.62204pt x 160.97833pt.

Underfull \hbox (badness 10000) in paragraph at lines 108--153

 []


Underfull \hbox (badness 10000) in paragraph at lines 108--153

 []


Underfull \hbox (badness 10000) in paragraph at lines 108--153

 []


Underfull \hbox (badness 10000) in paragraph at lines 108--153

 []


LaTeX Warning: `!h' float specifier changed to `!ht'.

Missing character: There is no √ in font cmsl10!
Missing character: There is no § in font cmsl10!
[9]) (./chapters/chapter4.tex
Missing character: There is no √ in font cmsl10!
Missing character: There is no § in font cmsl10!
 [10 <./img/fig3.png>]
chapter 4.

LaTeX Warning: `!h' float specifier changed to `!ht'.


Overfull \hbox (5.6341pt too wide) in paragraph at lines 36--48
 [][] 
 []


LaTeX Warning: `!h' float specifier changed to `!ht'.

<./img/fig4.png, id=432, 1196.47pt x 504.88625pt>
File: ./img/fig4.png Graphic file (type png)
 <use ./img/fig4.png>
Package pdftex.def Info: ./img/fig4.png used on input line 60.
(pdftex.def)             Requested size: 426.79134pt x 180.09485pt.

Overfull \hbox (8.53766pt too wide) in paragraph at lines 60--61
 [][] 
 []


Underfull \hbox (badness 10000) in paragraph at lines 55--76

 []


Underfull \hbox (badness 10000) in paragraph at lines 55--76

 []


Underfull \hbox (badness 10000) in paragraph at lines 55--76

 []


LaTeX Warning: `!h' float specifier changed to `!ht'.


Overfull \hbox (80.79907pt too wide) in paragraph at lines 79--111
 [][] 
 []

[11

]

LaTeX Warning: `!h' float specifier changed to `!ht'.


Underfull \vbox (badness 10000) has occurred while \output is active []

Missing character: There is no √ in font cmsl10!
Missing character: There is no § in font cmsl10!
 [12]
<./img/fig5.png, id=449, 1233.60875pt x 555.07375pt>
File: ./img/fig5.png Graphic file (type png)
 <use ./img/fig5.png>
Package pdftex.def Info: ./img/fig5.png used on input line 122.
(pdftex.def)             Requested size: 426.79134pt x 192.03423pt.

Overfull \hbox (8.53766pt too wide) in paragraph at lines 122--123
 [][] 
 []

Missing character: There is no √ in font cmr10!
Missing character: There is no º in font cmr10!

Overfull \hbox (80.79907pt too wide) in paragraph at lines 130--179
 [][] 
 []


LaTeX Warning: `!h' float specifier changed to `!ht'.


Underfull \vbox (badness 3019) has occurred while \output is active []

Missing character: There is no √ in font cmsl10!
Missing character: There is no § in font cmsl10!
 [13 <./img/fig4.png> <./img/fig5.png>]
<./img/fig6.png, id=458, 1327.96124pt x 587.19376pt>
File: ./img/fig6.png Graphic file (type png)
 <use ./img/fig6.png>
Package pdftex.def Info: ./img/fig6.png used on input line 192.
(pdftex.def)             Requested size: 426.79134pt x 188.71222pt.

Overfull \hbox (8.53766pt too wide) in paragraph at lines 192--193
 [][] 
 []


LaTeX Warning: `!h' float specifier changed to `!ht'.


Overfull \hbox (80.79907pt too wide) in paragraph at lines 200--235
 [][] 
 []


LaTeX Warning: `!h' float specifier changed to `!ht'.

Missing character: There is no √ in font cmsl10!
Missing character: There is no § in font cmsl10!
[14]

LaTeX Warning: Text page 15 contains only floats.


Underfull \vbox (badness 1478) has occurred while \output is active []

Missing character: There is no √ in font cmsl10!
Missing character: There is no § in font cmsl10!
 [15]
<./img/fig7.png, id=475, 1289.81876pt x 637.38126pt>
File: ./img/fig7.png Graphic file (type png)
 <use ./img/fig7.png>
Package pdftex.def Info: ./img/fig7.png used on input line 246.
(pdftex.def)             Requested size: 426.79134pt x 210.90054pt.

Overfull \hbox (8.53766pt too wide) in paragraph at lines 246--247
 [][] 
 []

Missing character: There is no ‚ in font cmr10!
Missing character: There is no Ä in font cmr10!
Missing character: There is no ô in font cmr10!
Missing character: There is no √ in font cmr10!
Missing character: There is no º in font cmr10!

Overfull \hbox (80.79907pt too wide) in paragraph at lines 254--298
 [][] 
 []


LaTeX Warning: `!h' float specifier changed to `!ht'.

) (./chapters/chapter5.tex
Missing character: There is no √ in font cmsl10!
Missing character: There is no § in font cmsl10!
 [16 <./img/fig6.png> <./img/fig7.png>]
Missing character: There is no √ in font cmsl10!
Missing character: There is no § in font cmsl10!
 [17]
Missing character: There is no √ in font cmsl10!
Missing character: There is no § in font cmsl10!
 [18]
chapter 5.
) (./chapters/chapter6.tex [19

]
Missing character: There is no √ in font cmsl10!
Missing character: There is no § in font cmsl10!
 [20

]
chapter 6.
) [21] [22


] (./DiplomarbeitLaTex.bbl
chapter without number
Missing character: There is no ‚ in font cmr10!
Missing character: There is no Ä in font cmr10!
Missing character: There is no ì in font cmr10!
Missing character: There is no ‚ in font cmr10!
Missing character: There is no Ä in font cmr10!
Missing character: There is no ì in font cmr10!
Missing character: There is no ‚ in font cmr10!
Missing character: There is no Ä in font cmr10!
Missing character: There is no ô in font cmr10!

Underfull \hbox (badness 3179) in paragraph at lines 60--63
[]\OT1/cmr/m/n/10.95 ``The art of the spin-off.''  []$\OT1/cmtt/m/n/10.95 https
 : / / www . economist . com / news / business /
 []

Missing character: There is no ‚ in font cmr10!
Missing character: There is no Ä in font cmr10!
Missing character: There is no ì in font cmr10!
Missing character: There is no ‚ in font cmr10!
Missing character: There is no Ä in font cmr10!
Missing character: There is no ì in font cmr10!
[23

]
Missing character: There is no ‚ in font cmr10!
Missing character: There is no Ä in font cmr10!
Missing character: There is no ì in font cmr10!
Missing character: There is no ‚ in font cmr10!
Missing character: There is no Ä in font cmr10!
Missing character: There is no ì in font cmr10!
Missing character: There is no ‚ in font cmr10!
Missing character: There is no Ä in font cmr10!
Missing character: There is no ì in font cmr10!
Missing character: There is no ‚ in font cmr10!
Missing character: There is no Ä in font cmr10!
Missing character: There is no ì in font cmr10!

Underfull \hbox (badness 10000) in paragraph at lines 123--126
[]\OT1/cmr/m/n/10.95 ``Market re-search and con-sumer pro-tec-tiona food stan-d
ards
 []


Underfull \hbox (badness 10000) in paragraph at lines 123--126
\OT1/cmr/m/n/10.95 agency case study.''  []$\OT1/cmtt/m/n/10.95 http : / / busi
nesscasestudies . co . uk /
 []


Underfull \hbox (badness 10000) in paragraph at lines 123--126
\OT1/cmtt/m/n/10.95 food-[]standards-[]agency / market-[]research-[]and-[]consu
mer-[]protection /
 []

Missing character: There is no ‚ in font cmr10!
Missing character: There is no Ä in font cmr10!
Missing character: There is no ì in font cmr10!
Missing character: There is no √ in font cmsl10!
Missing character: There is no § in font cmsl10!
[24]
Missing character: There is no ‚ in font cmr10!
Missing character: There is no Ä in font cmr10!
Missing character: There is no ì in font cmr10!
Missing character: There is no ‚ in font cmr10!
Missing character: There is no Ä in font cmr10!
Missing character: There is no ú in font cmr10!
Missing character: There is no ‚ in font cmr10!
Missing character: There is no Ä in font cmr10!
Missing character: There is no ù in font cmr10!
Missing character: There is no √ in font cmsl10!
Missing character: There is no § in font cmsl10!
 [25]
Missing character: There is no ‚ in font cmr10!
Missing character: There is no Ä in font cmr10!
Missing character: There is no ô in font cmr10!

Underfull \hbox (badness 10000) in paragraph at lines 239--242
[]\OT1/cmr/m/n/10.95 K. Cherry, ``Ex-trin-sic vs. in-trin-sic mo-ti-va-tion:
 []


Underfull \hbox (badness 10000) in paragraph at lines 239--242
\OT1/cmr/m/n/10.95 What's the dif-fer-ence?.''  []$\OT1/cmtt/m/n/10.95 https : 
/ / www . verywell . com /
 []

Missing character: There is no ‚ in font cmr10!
Missing character: There is no Ä in font cmr10!
Missing character: There is no î in font cmr10!
Missing character: There is no ‚ in font cmti10!
Missing character: There is no Ä in font cmti10!
Missing character: There is no î in font cmti10!
Missing character: There is no √ in font cmsl10!
Missing character: There is no § in font cmsl10!
[26]) (./misc/annex.tex
Missing character: There is no √ in font cmsl10!
Missing character: There is no § in font cmsl10!
 [27]
Missing character: There is no √ in font cmsl10!
Missing character: There is no § in font cmsl10!
 [28

]
chapter without number
<./img/PTX.pdf, id=562, 597.23125pt x 845.1575pt>
File: ./img/PTX.pdf Graphic file (type pdf)
 <use ./img/PTX.pdf>
Package pdftex.def Info: ./img/PTX.pdf used on input line 7.
(pdftex.def)             Requested size: 597.22978pt x 845.15544pt.
File: ./img/PTX.pdf Graphic file (type pdf)

<use ./img/PTX.pdf>
Package pdftex.def Info: ./img/PTX.pdf used on input line 7.
(pdftex.def)             Requested size: 597.22978pt x 845.15544pt.
 <./img/PTX.pdf, id=565, page=1, 597.23125pt x 845.1575pt>
File: ./img/PTX.pdf Graphic file (type pdf)

<use ./img/PTX.pdf, page 1>
Package pdftex.def Info: ./img/PTX.pdf, page1 used on input line 7.
(pdftex.def)             Requested size: 597.22978pt x 845.15544pt.
File: ./img/PTX.pdf Graphic file (type pdf)
 <use ./img/PTX.pdf, page 1>
Package pdftex.def Info: ./img/PTX.pdf, page1 used on input line 7.
(pdftex.def)             Requested size: 477.78564pt x 676.12692pt.
 [29]
File: ./img/PTX.pdf Graphic file (type pdf)

<use ./img/PTX.pdf, page 1>
Package pdftex.def Info: ./img/PTX.pdf, page1 used on input line 7.
(pdftex.def)             Requested size: 477.78564pt x 676.12692pt.
File: ./img/PTX.pdf Graphic file (type pdf)
 <use ./img/PTX.pdf, page 1>
Package pdftex.def Info: ./img/PTX.pdf, page1 used on input line 7.
(pdftex.def)             Requested size: 477.78564pt x 676.12692pt.
Missing character: There is no √ in font cmsl10!
Missing character: There is no § in font cmsl10!
File: ./img/PTX.pdf Graphic file (type pdf)

<use ./img/PTX.pdf, page 1>
Package pdftex.def Info: ./img/PTX.pdf, page1 used on input line 7.
(pdftex.def)             Requested size: 477.78564pt x 676.12692pt.
 [30 <./img/PTX.pdf>]
<./img/PTX.pdf, id=600, page=2, 597.23125pt x 845.1575pt>
File: ./img/PTX.pdf Graphic file (type pdf)

<use ./img/PTX.pdf, page 2>
Package pdftex.def Info: ./img/PTX.pdf, page2 used on input line 7.
(pdftex.def)             Requested size: 477.78564pt x 676.12692pt.
File: ./img/PTX.pdf Graphic file (type pdf)
 <use ./img/PTX.pdf, page 2>
Package pdftex.def Info: ./img/PTX.pdf, page2 used on input line 7.
(pdftex.def)             Requested size: 477.78564pt x 676.12692pt.
Missing character: There is no √ in font cmsl10!
Missing character: There is no § in font cmsl10!
File: ./img/PTX.pdf Graphic file (type pdf)

<use ./img/PTX.pdf, page 2>
Package pdftex.def Info: ./img/PTX.pdf, page2 used on input line 7.
(pdftex.def)             Requested size: 477.78564pt x 676.12692pt.
 [31 <./img/PTX.pdf>]
<./img/PTX.pdf, id=606, page=3, 597.23125pt x 845.1575pt>
File: ./img/PTX.pdf Graphic file (type pdf)

<use ./img/PTX.pdf, page 3>
Package pdftex.def Info: ./img/PTX.pdf, page3 used on input line 7.
(pdftex.def)             Requested size: 477.78564pt x 676.12692pt.
File: ./img/PTX.pdf Graphic file (type pdf)
 <use ./img/PTX.pdf, page 3>
Package pdftex.def Info: ./img/PTX.pdf, page3 used on input line 7.
(pdftex.def)             Requested size: 477.78564pt x 676.12692pt.
Missing character: There is no √ in font cmsl10!
Missing character: There is no § in font cmsl10!
File: ./img/PTX.pdf Graphic file (type pdf)

<use ./img/PTX.pdf, page 3>
Package pdftex.def Info: ./img/PTX.pdf, page3 used on input line 7.
(pdftex.def)             Requested size: 477.78564pt x 676.12692pt.
 [32 <./img/PTX.pdf>]
<./img/Imsys.pdf, id=612, 597.23125pt x 845.1575pt>
File: ./img/Imsys.pdf Graphic file (type pdf)
 <use ./img/Imsys.pdf>
Package pdftex.def Info: ./img/Imsys.pdf used on input line 11.
(pdftex.def)             Requested size: 597.22978pt x 845.15544pt.
File: ./img/Imsys.pdf Graphic file (type pdf)

<use ./img/Imsys.pdf>
Package pdftex.def Info: ./img/Imsys.pdf used on input line 11.
(pdftex.def)             Requested size: 597.22978pt x 845.15544pt.

<./img/Imsys.pdf, id=615, page=1, 597.23125pt x 845.1575pt>
File: ./img/Imsys.pdf Graphic file (type pdf)

<use ./img/Imsys.pdf, page 1>
Package pdftex.def Info: ./img/Imsys.pdf, page1 used on input line 11.
(pdftex.def)             Requested size: 597.22978pt x 845.15544pt.
File: ./img/Imsys.pdf Graphic file (type pdf)
 <use ./img/Imsys.pdf, page 1>
Package pdftex.def Info: ./img/Imsys.pdf, page1 used on input line 11.
(pdftex.def)             Requested size: 477.78564pt x 676.12692pt.
File: ./img/Imsys.pdf Graphic file (type pdf)

<use ./img/Imsys.pdf, page 1>
Package pdftex.def Info: ./img/Imsys.pdf, page1 used on input line 11.
(pdftex.def)             Requested size: 477.78564pt x 676.12692pt.
File: ./img/Imsys.pdf Graphic file (type pdf)
 <use ./img/Imsys.pdf, page 1>
Package pdftex.def Info: ./img/Imsys.pdf, page1 used on input line 11.
(pdftex.def)             Requested size: 477.78564pt x 676.12692pt.
Missing character: There is no √ in font cmsl10!
Missing character: There is no § in font cmsl10!
File: ./img/Imsys.pdf Graphic file (type pdf)

<use ./img/Imsys.pdf, page 1>
Package pdftex.def Info: ./img/Imsys.pdf, page1 used on input line 11.
(pdftex.def)             Requested size: 477.78564pt x 676.12692pt.
 [33 <./img/Imsys.pdf>]
<./img/Imsys.pdf, id=648, page=2, 597.23125pt x 845.1575pt>
File: ./img/Imsys.pdf Graphic file (type pdf)

<use ./img/Imsys.pdf, page 2>
Package pdftex.def Info: ./img/Imsys.pdf, page2 used on input line 11.
(pdftex.def)             Requested size: 477.78564pt x 676.12692pt.
File: ./img/Imsys.pdf Graphic file (type pdf)
 <use ./img/Imsys.pdf, page 2>
Package pdftex.def Info: ./img/Imsys.pdf, page2 used on input line 11.
(pdftex.def)             Requested size: 477.78564pt x 676.12692pt.
Missing character: There is no √ in font cmsl10!
Missing character: There is no § in font cmsl10!
File: ./img/Imsys.pdf Graphic file (type pdf)

<use ./img/Imsys.pdf, page 2>
Package pdftex.def Info: ./img/Imsys.pdf, page2 used on input line 11.
(pdftex.def)             Requested size: 477.78564pt x 676.12692pt.
 [34 <./img/Imsys.pdf>]
<./img/Imsys.pdf, id=654, page=3, 597.23125pt x 845.1575pt>
File: ./img/Imsys.pdf Graphic file (type pdf)

<use ./img/Imsys.pdf, page 3>
Package pdftex.def Info: ./img/Imsys.pdf, page3 used on input line 11.
(pdftex.def)             Requested size: 477.78564pt x 676.12692pt.
File: ./img/Imsys.pdf Graphic file (type pdf)
 <use ./img/Imsys.pdf, page 3>
Package pdftex.def Info: ./img/Imsys.pdf, page3 used on input line 11.
(pdftex.def)             Requested size: 477.78564pt x 676.12692pt.
Missing character: There is no √ in font cmsl10!
Missing character: There is no § in font cmsl10!
File: ./img/Imsys.pdf Graphic file (type pdf)

<use ./img/Imsys.pdf, page 3>
Package pdftex.def Info: ./img/Imsys.pdf, page3 used on input line 11.
(pdftex.def)             Requested size: 477.78564pt x 676.12692pt.
 [35 <./img/Imsys.pdf>]
<./img/Conatix.pdf, id=660, 597.23125pt x 845.1575pt>
File: ./img/Conatix.pdf Graphic file (type pdf)
 <use ./img/Conatix.pdf>
Package pdftex.def Info: ./img/Conatix.pdf used on input line 15.
(pdftex.def)             Requested size: 597.22978pt x 845.15544pt.
File: ./img/Conatix.pdf Graphic file (type pdf)

<use ./img/Conatix.pdf>
Package pdftex.def Info: ./img/Conatix.pdf used on input line 15.
(pdftex.def)             Requested size: 597.22978pt x 845.15544pt.

<./img/Conatix.pdf, id=663, page=1, 597.23125pt x 845.1575pt>
File: ./img/Conatix.pdf Graphic file (type pdf)

<use ./img/Conatix.pdf, page 1>
Package pdftex.def Info: ./img/Conatix.pdf, page1 used on input line 15.
(pdftex.def)             Requested size: 597.22978pt x 845.15544pt.
File: ./img/Conatix.pdf Graphic file (type pdf)
 <use ./img/Conatix.pdf, page 1>
Package pdftex.def Info: ./img/Conatix.pdf, page1 used on input line 15.
(pdftex.def)             Requested size: 477.78564pt x 676.12692pt.
File: ./img/Conatix.pdf Graphic file (type pdf)

<use ./img/Conatix.pdf, page 1>
Package pdftex.def Info: ./img/Conatix.pdf, page1 used on input line 15.
(pdftex.def)             Requested size: 477.78564pt x 676.12692pt.
File: ./img/Conatix.pdf Graphic file (type pdf)
 <use ./img/Conatix.pdf, page 1>
Package pdftex.def Info: ./img/Conatix.pdf, page1 used on input line 15.
(pdftex.def)             Requested size: 477.78564pt x 676.12692pt.
Missing character: There is no √ in font cmsl10!
Missing character: There is no § in font cmsl10!
File: ./img/Conatix.pdf Graphic file (type pdf)

<use ./img/Conatix.pdf, page 1>
Package pdftex.def Info: ./img/Conatix.pdf, page1 used on input line 15.
(pdftex.def)             Requested size: 477.78564pt x 676.12692pt.
 [36 <./img/Conatix.pdf>]
<./img/Conatix.pdf, id=689, page=2, 597.23125pt x 845.1575pt>
File: ./img/Conatix.pdf Graphic file (type pdf)

<use ./img/Conatix.pdf, page 2>
Package pdftex.def Info: ./img/Conatix.pdf, page2 used on input line 15.
(pdftex.def)             Requested size: 477.78564pt x 676.12692pt.
File: ./img/Conatix.pdf Graphic file (type pdf)
 <use ./img/Conatix.pdf, page 2>
Package pdftex.def Info: ./img/Conatix.pdf, page2 used on input line 15.
(pdftex.def)             Requested size: 477.78564pt x 676.12692pt.
Missing character: There is no √ in font cmsl10!
Missing character: There is no § in font cmsl10!
File: ./img/Conatix.pdf Graphic file (type pdf)

<use ./img/Conatix.pdf, page 2>
Package pdftex.def Info: ./img/Conatix.pdf, page2 used on input line 15.
(pdftex.def)             Requested size: 477.78564pt x 676.12692pt.
 [37 <./img/Conatix.pdf>]
<./img/Conatix.pdf, id=695, page=3, 597.23125pt x 845.1575pt>
File: ./img/Conatix.pdf Graphic file (type pdf)

<use ./img/Conatix.pdf, page 3>
Package pdftex.def Info: ./img/Conatix.pdf, page3 used on input line 15.
(pdftex.def)             Requested size: 477.78564pt x 676.12692pt.
File: ./img/Conatix.pdf Graphic file (type pdf)
 <use ./img/Conatix.pdf, page 3>
Package pdftex.def Info: ./img/Conatix.pdf, page3 used on input line 15.
(pdftex.def)             Requested size: 477.78564pt x 676.12692pt.
Missing character: There is no √ in font cmsl10!
Missing character: There is no § in font cmsl10!
File: ./img/Conatix.pdf Graphic file (type pdf)

<use ./img/Conatix.pdf, page 3>
Package pdftex.def Info: ./img/Conatix.pdf, page3 used on input line 15.
(pdftex.def)             Requested size: 477.78564pt x 676.12692pt.
 [38 <./img/Conatix.pdf>])
Package atveryend Info: Empty hook `BeforeClearDocument' on input line 71.
Package atveryend Info: Empty hook `AfterLastShipout' on input line 71.

(./DiplomarbeitLaTex.aux (./misc/titlepage.aux) (./misc/abstract.aux))
Package atveryend Info: Executing hook `AtVeryEndDocument' on input line 71.
Package atveryend Info: Executing hook `AtEndAfterFileList' on input line 71.
Package rerunfilecheck Info: File `DiplomarbeitLaTex.out' has not changed.
(rerunfilecheck)             Checksum: AFF3F014BC435F686095DA5AD1758DEC;2229.


LaTeX Warning: There were undefined references.

Package atveryend Info: Empty hook `AtVeryVeryEnd' on input line 71.
 ) 
Here is how much of TeX's memory you used:
 11708 strings out of 493029
 183430 string characters out of 6136235
 367574 words of memory out of 5000000
 14896 multiletter control sequences out of 15000+600000
 10004 words of font info for 35 fonts, out of 8000000 for 9000
 1141 hyphenation exceptions out of 8191
 50i,19n,66p,384b,663s stack positions out of 5000i,500n,10000p,200000b,80000s
</usr/share/texlive/texmf-dist/fonts/type1/public/amsfonts/cm/cmbx10.pfb></us
r/share/texlive/texmf-dist/fonts/type1/public/amsfonts/cm/cmbx12.pfb></usr/shar
e/texlive/texmf-dist/fonts/type1/public/amsfonts/cm/cmbxti10.pfb></usr/share/te
xlive/texmf-dist/fonts/type1/public/amsfonts/cm/cmr10.pfb></usr/share/texlive/t
exmf-dist/fonts/type1/public/amsfonts/cm/cmr12.pfb></usr/share/texlive/texmf-di
st/fonts/type1/public/amsfonts/cm/cmr17.pfb></usr/share/texlive/texmf-dist/font
s/type1/public/amsfonts/cm/cmsl10.pfb></usr/share/texlive/texmf-dist/fonts/type
1/public/amsfonts/cm/cmssbx10.pfb></usr/share/texlive/texmf-dist/fonts/type1/pu
blic/amsfonts/cm/cmti10.pfb></usr/share/texlive/texmf-dist/fonts/type1/public/a
msfonts/cm/cmtt10.pfb>
Output written on DiplomarbeitLaTex.pdf (48 pages, 874831 bytes).
PDF statistics:
 771 PDF objects out of 1000 (max. 8388607)
 648 compressed objects within 7 object streams
 154 named destinations out of 1000 (max. 500000)
 403 words of extra memory for PDF output out of 10000 (max. 10000000)

