\BOOKMARK [0][-]{chapter*.2}{List of Figures}{}% 1
\BOOKMARK [0][-]{chapter*.3}{List of Tables}{}% 2
\BOOKMARK [0][-]{chapter.1}{Introduction}{}% 3
\BOOKMARK [1][-]{section.1.1}{Motivation}{chapter.1}% 4
\BOOKMARK [1][-]{section.1.2}{Objective}{chapter.1}% 5
\BOOKMARK [1][-]{section.1.3}{Outline}{chapter.1}% 6
\BOOKMARK [0][-]{chapter.2}{Literature Review}{}% 7
\BOOKMARK [1][-]{section.2.1}{Definitions of Start-Ups }{chapter.2}% 8
\BOOKMARK [1][-]{section.2.2}{Definitions of Spin-Offs}{chapter.2}% 9
\BOOKMARK [1][-]{section.2.3}{Previous Research on Start-Ups}{chapter.2}% 10
\BOOKMARK [1][-]{section.2.4}{Previous Research on Spin-Offs}{chapter.2}% 11
\BOOKMARK [1][-]{section.2.5}{Previous Research on Comparison of Spin-Offs with Start-Ups}{chapter.2}% 12
\BOOKMARK [0][-]{chapter.3}{Theoretical Framework}{}% 13
\BOOKMARK [1][-]{section.3.1}{Resource-Based Theory}{chapter.3}% 14
\BOOKMARK [1][-]{section.3.2}{Human Capital Theory}{chapter.3}% 15
\BOOKMARK [1][-]{section.3.3}{Social Capital Theory}{chapter.3}% 16
\BOOKMARK [1][-]{section.3.4}{Motivational Theory}{chapter.3}% 17
\BOOKMARK [0][-]{chapter.4}{Methodology}{}% 18
\BOOKMARK [1][-]{section.4.1}{Data Collection}{chapter.4}% 19
\BOOKMARK [1][-]{section.4.2}{Characteristics of Respondents of Questionnaire}{chapter.4}% 20
\BOOKMARK [1][-]{section.4.3}{Data For Hypothesis 1}{chapter.4}% 21
\BOOKMARK [1][-]{section.4.4}{Data For Hypothesis 2}{chapter.4}% 22
\BOOKMARK [1][-]{section.4.5}{Data For Hypothesis 3}{chapter.4}% 23
\BOOKMARK [1][-]{section.4.6}{Data For Hypothesis 4}{chapter.4}% 24
\BOOKMARK [0][-]{chapter.5}{Analysis and Results}{}% 25
\BOOKMARK [1][-]{section.5.1}{Analysis and Findings For Hypothesis 1}{chapter.5}% 26
\BOOKMARK [1][-]{section.5.2}{Analysis and Findings For Hypothesis 2}{chapter.5}% 27
\BOOKMARK [1][-]{section.5.3}{Analysis and Findings For Hypothesis 3}{chapter.5}% 28
\BOOKMARK [1][-]{section.5.4}{Analysis and Findings For Hypothesis 4}{chapter.5}% 29
\BOOKMARK [0][-]{chapter.6}{Conclusion}{}% 30
\BOOKMARK [1][-]{section.6.1}{Potential Benefits}{chapter.6}% 31
\BOOKMARK [1][-]{section.6.2}{Future Work}{chapter.6}% 32
\BOOKMARK [0][-]{chapter*.17}{Bibliography}{}% 33
\BOOKMARK [0][-]{chapter*.18}{Appendix A}{}% 34
